[debug] [2026-01-08T22:59:01.417Z] ----------------------------------------------------------------------
[debug] [2026-01-08T22:59:01.421Z] Command:       C:\Program Files\nodejs\node.exe C:\Users\Lenovo\AppData\Roaming\npm\node_modules\firebase-tools\lib\bin\firebase.js deploy --only hosting
[debug] [2026-01-08T22:59:01.422Z] CLI Version:   15.1.0
[debug] [2026-01-08T22:59:01.422Z] Platform:      win32
[debug] [2026-01-08T22:59:01.422Z] Node Version:  v20.11.0
[debug] [2026-01-08T22:59:01.423Z] Time:          Fri Jan 09 2026 06:59:01 GMT+0800 (Philippine Standard Time)
[debug] [2026-01-08T22:59:01.423Z] ----------------------------------------------------------------------
[debug] 
[debug] [2026-01-08T22:59:05.381Z] > command requires scopes: ["email","openid","https://www.googleapis.com/auth/cloudplatformprojects.readonly","https://www.googleapis.com/auth/firebase","https://www.googleapis.com/auth/cloud-platform"]
[debug] [2026-01-08T22:59:05.381Z] > authorizing via signed-in user (bantaylivestocksystem@gmail.com)
[debug] [2026-01-08T22:59:05.381Z] [iam] checking project bl-inventory-system for permissions ["firebase.projects.get","firebasehosting.sites.update"]
[debug] [2026-01-08T22:59:05.383Z] Checked if tokens are valid: false, expires at: 1767864996206
[debug] [2026-01-08T22:59:05.383Z] Checked if tokens are valid: false, expires at: 1767864996206
[debug] [2026-01-08T22:59:05.384Z] > refreshing access token with scopes: []
[debug] [2026-01-08T22:59:05.386Z] >>> [apiv2][query] POST https://www.googleapis.com/oauth2/v3/token [none]
[debug] [2026-01-08T22:59:05.386Z] >>> [apiv2][body] POST https://www.googleapis.com/oauth2/v3/token [omitted]
[debug] [2026-01-08T22:59:06.160Z] <<< [apiv2][status] POST https://www.googleapis.com/oauth2/v3/token 200
[debug] [2026-01-08T22:59:06.160Z] <<< [apiv2][body] POST https://www.googleapis.com/oauth2/v3/token [omitted]
[debug] [2026-01-08T22:59:06.170Z] >>> [apiv2][query] POST https://cloudresourcemanager.googleapis.com/v1/projects/bl-inventory-system:testIamPermissions [none]
[debug] [2026-01-08T22:59:06.170Z] >>> [apiv2][(partial)header] POST https://cloudresourcemanager.googleapis.com/v1/projects/bl-inventory-system:testIamPermissions x-goog-quota-user=projects/bl-inventory-system
[debug] [2026-01-08T22:59:06.170Z] >>> [apiv2][body] POST https://cloudresourcemanager.googleapis.com/v1/projects/bl-inventory-system:testIamPermissions {"permissions":["firebase.projects.get","firebasehosting.sites.update"]}
[debug] [2026-01-08T22:59:07.372Z] <<< [apiv2][status] POST https://cloudresourcemanager.googleapis.com/v1/projects/bl-inventory-system:testIamPermissions 200
[debug] [2026-01-08T22:59:07.372Z] <<< [apiv2][body] POST https://cloudresourcemanager.googleapis.com/v1/projects/bl-inventory-system:testIamPermissions {"permissions":["firebase.projects.get","firebasehosting.sites.update"]}
[debug] [2026-01-08T22:59:07.373Z] Checked if tokens are valid: true, expires at: 1767916745160
[debug] [2026-01-08T22:59:07.373Z] Checked if tokens are valid: true, expires at: 1767916745160
[debug] [2026-01-08T22:59:07.373Z] >>> [apiv2][query] GET https://firebase.googleapis.com/v1beta1/projects/bl-inventory-system [none]
[debug] [2026-01-08T22:59:07.891Z] <<< [apiv2][status] GET https://firebase.googleapis.com/v1beta1/projects/bl-inventory-system 200
[debug] [2026-01-08T22:59:07.891Z] <<< [apiv2][body] GET https://firebase.googleapis.com/v1beta1/projects/bl-inventory-system {"projectId":"bl-inventory-system","projectNumber":"590114510781","displayName":"BL Inventory System","name":"projects/bl-inventory-system","resources":{"hostingSite":"bl-inventory-system"},"state":"ACTIVE","etag":"1_ec919c24-b959-49b0-b795-2b87073dc1db"}
[info] 
[info] === Deploying to 'bl-inventory-system'...
[info] 
[info] i  deploying hosting 
[debug] [2026-01-08T22:59:07.907Z] Checked if tokens are valid: true, expires at: 1767916745160
[debug] [2026-01-08T22:59:07.907Z] Checked if tokens are valid: true, expires at: 1767916745160
[debug] [2026-01-08T22:59:07.908Z] >>> [apiv2][query] POST https://firebasehosting.googleapis.com/v1beta1/projects/-/sites/bl-inventory-system/versions [none]
[debug] [2026-01-08T22:59:07.908Z] >>> [apiv2][body] POST https://firebasehosting.googleapis.com/v1beta1/projects/-/sites/bl-inventory-system/versions {"status":"CREATED","labels":{"deployment-tool":"cli-firebase"}}
[debug] [2026-01-08T22:59:09.539Z] <<< [apiv2][status] POST https://firebasehosting.googleapis.com/v1beta1/projects/-/sites/bl-inventory-system/versions 200
[debug] [2026-01-08T22:59:09.539Z] <<< [apiv2][body] POST https://firebasehosting.googleapis.com/v1beta1/projects/-/sites/bl-inventory-system/versions {"name":"projects/590114510781/sites/bl-inventory-system/versions/067bb6047f2ec2c8","status":"CREATED","config":{},"labels":{"deployment-tool":"cli-firebase"}}
[info] i  hosting[bl-inventory-system]: beginning deploy... 
[info] i  hosting[bl-inventory-system]: found 11 files in build 
[debug] [2026-01-08T22:59:09.562Z] [hosting] uploading with 200 concurrency
[debug] [2026-01-08T22:59:10.234Z] Checked if tokens are valid: true, expires at: 1767916745160
[debug] [2026-01-08T22:59:10.234Z] Checked if tokens are valid: true, expires at: 1767916745160
[debug] [2026-01-08T22:59:10.237Z] [hosting] hash cache [YnVpbGQ] stored for 11 files
[debug] [2026-01-08T22:59:10.237Z] [hosting][hash queue][FINAL] {"max":652,"min":5,"avg":72.54545454545455,"active":0,"complete":11,"success":11,"errored":0,"retried":0,"total":11,"elapsed":661}
[debug] [2026-01-08T22:59:10.238Z] >>> [apiv2][query] POST https://firebasehosting.googleapis.com/v1beta1/projects/590114510781/sites/bl-inventory-system/versions/067bb6047f2ec2c8:populateFiles [none]
[debug] [2026-01-08T22:59:10.238Z] >>> [apiv2][body] POST https://firebasehosting.googleapis.com/v1beta1/projects/590114510781/sites/bl-inventory-system/versions/067bb6047f2ec2c8:populateFiles {"files":{"/robots.txt":"b2090cf9761ef60aa06e4fab97679bd43dfa5e5df073701ead5879d7c68f1ec5","/manifest.json":"371f3e7b01f53fbfb44fb84654c3e1b5017248b3c7ecb73cb6dd9c44a903b32d","/bantay.png":"a031d77264c0fdab0a6b0779f46897a751209c563e851f963c6336bc6de09175","/index.html":"42fde27911932f0be2649620c7d05c679955e5e893cdeeeadcd2628a77c7a368","/asset-manifest.json":"5ea05c23921a9e192e66e1a82a099dfe1b10d2b74a3ffec22d817250637c036e","/static/js/main.1e04ab4a.js.LICENSE.txt":"d4e4add69df521943ac0ee8208f764304ab0c345508f5d72791109c82c9c564b","/static/css/main.6004d9f6.css.map":"3a9c183d2016d846a7d0a02a0cdd4e1fb016f70e9595333bf0a75efed4f3750a","/static/css/main.6004d9f6.css":"d9150c80399b0a0049f57dcda0eb12f343dca960e71e1c3f700ecfaa0e0457f6","/static/media/logo1.31efc9bcf5a6b633b782.jpg":"e4446b38c1233e5f2298c90e2efa58d5ef3d9e39c1e00aac09604600903bc563","/static/js/main.1e04ab4a.js":"92281edaf509505ed8f7022ca2e12a5eda7a83d0da95dcc231ba10ca40eaca20","/static/js/main.1e04ab4a.js.map":"06cec27ee657d89559f0968513fa67020df7c8e2f7a5774679e91e9f4a361cee"}}
[debug] [2026-01-08T22:59:10.533Z] <<< [apiv2][status] POST https://firebasehosting.googleapis.com/v1beta1/projects/590114510781/sites/bl-inventory-system/versions/067bb6047f2ec2c8:populateFiles 200
[debug] [2026-01-08T22:59:10.533Z] <<< [apiv2][body] POST https://firebasehosting.googleapis.com/v1beta1/projects/590114510781/sites/bl-inventory-system/versions/067bb6047f2ec2c8:populateFiles {"uploadRequiredHashes":["92281edaf509505ed8f7022ca2e12a5eda7a83d0da95dcc231ba10ca40eaca20","5ea05c23921a9e192e66e1a82a099dfe1b10d2b74a3ffec22d817250637c036e","06cec27ee657d89559f0968513fa67020df7c8e2f7a5774679e91e9f4a361cee","42fde27911932f0be2649620c7d05c679955e5e893cdeeeadcd2628a77c7a368"],"uploadUrl":"https://upload-firebasehosting.googleapis.com/upload/sites/bl-inventory-system/versions/067bb6047f2ec2c8/files"}
[debug] [2026-01-08T22:59:10.534Z] Checked if tokens are valid: true, expires at: 1767916745160
[debug] [2026-01-08T22:59:10.535Z] Checked if tokens are valid: true, expires at: 1767916745160
[debug] [2026-01-08T22:59:10.535Z] Checked if tokens are valid: true, expires at: 1767916745160
[debug] [2026-01-08T22:59:10.536Z] Checked if tokens are valid: true, expires at: 1767916745160
[debug] [2026-01-08T22:59:10.536Z] Checked if tokens are valid: true, expires at: 1767916745160
[debug] [2026-01-08T22:59:10.536Z] Checked if tokens are valid: true, expires at: 1767916745160
[debug] [2026-01-08T22:59:10.537Z] Checked if tokens are valid: true, expires at: 1767916745160
[debug] [2026-01-08T22:59:10.537Z] Checked if tokens are valid: true, expires at: 1767916745160
[debug] [2026-01-08T22:59:10.537Z] >>> [apiv2][query] POST https://upload-firebasehosting.googleapis.com/upload/sites/bl-inventory-system/versions/067bb6047f2ec2c8/files/92281edaf509505ed8f7022ca2e12a5eda7a83d0da95dcc231ba10ca40eaca20 [none]
[debug] [2026-01-08T22:59:10.537Z] >>> [apiv2][body] POST https://upload-firebasehosting.googleapis.com/upload/sites/bl-inventory-system/versions/067bb6047f2ec2c8/files/92281edaf509505ed8f7022ca2e12a5eda7a83d0da95dcc231ba10ca40eaca20 [stream]
[debug] [2026-01-08T22:59:10.541Z] >>> [apiv2][query] POST https://upload-firebasehosting.googleapis.com/upload/sites/bl-inventory-system/versions/067bb6047f2ec2c8/files/5ea05c23921a9e192e66e1a82a099dfe1b10d2b74a3ffec22d817250637c036e [none]
[debug] [2026-01-08T22:59:10.541Z] >>> [apiv2][body] POST https://upload-firebasehosting.googleapis.com/upload/sites/bl-inventory-system/versions/067bb6047f2ec2c8/files/5ea05c23921a9e192e66e1a82a099dfe1b10d2b74a3ffec22d817250637c036e [stream]
[debug] [2026-01-08T22:59:10.543Z] >>> [apiv2][query] POST https://upload-firebasehosting.googleapis.com/upload/sites/bl-inventory-system/versions/067bb6047f2ec2c8/files/06cec27ee657d89559f0968513fa67020df7c8e2f7a5774679e91e9f4a361cee [none]
[debug] [2026-01-08T22:59:10.543Z] >>> [apiv2][body] POST https://upload-firebasehosting.googleapis.com/upload/sites/bl-inventory-system/versions/067bb6047f2ec2c8/files/06cec27ee657d89559f0968513fa67020df7c8e2f7a5774679e91e9f4a361cee [stream]
[debug] [2026-01-08T22:59:10.545Z] >>> [apiv2][query] POST https://upload-firebasehosting.googleapis.com/upload/sites/bl-inventory-system/versions/067bb6047f2ec2c8/files/42fde27911932f0be2649620c7d05c679955e5e893cdeeeadcd2628a77c7a368 [none]
[debug] [2026-01-08T22:59:10.546Z] >>> [apiv2][body] POST https://upload-firebasehosting.googleapis.com/upload/sites/bl-inventory-system/versions/067bb6047f2ec2c8/files/42fde27911932f0be2649620c7d05c679955e5e893cdeeeadcd2628a77c7a368 [stream]
[debug] [2026-01-08T22:59:10.548Z] [hosting][populate queue][FINAL] {"max":303,"min":303,"avg":303,"active":0,"complete":1,"success":1,"errored":0,"retried":0,"total":1,"elapsed":314}
[debug] [2026-01-08T22:59:10.549Z] [hosting] uploads queued: 4
